2022-12-01 03:04:41,082 - Added key: store_based_barrier_key:1 to store for rank: 0
2022-12-01 03:04:41,082 - Rank 0: Completed store-based barrier for key:store_based_barrier_key:1 with 1 nodes.
2022-12-01 03:05:08,692 - Dev Epoch 0, Acc: 0.5, Prec: 0.5, Recall: 1.0, F1: 0.6666666666666666
2022-12-01 03:05:31,562 - Test Epoch 0, Acc: 0.5, Prec: 0.5, Recall: 1.0, F1: 0.6666666666666666
2022-12-01 03:25:47,980 - Dev Epoch 0, Acc: 0.5, Prec: 0.0, Recall: 0.0, F1: 0.0
2022-12-01 03:26:12,706 - Test Epoch 0, Acc: 0.5, Prec: 0.0, Recall: 0.0, F1: 0.0
2022-12-01 03:29:00,019 - Head:
2022-12-01 03:29:00,022 - Hits @10: 0.08318393689494442
2022-12-01 03:29:00,022 - Hits @5: 0.039082108282538545
2022-12-01 03:29:00,022 - Hits @1: 0.006214891836978606
2022-12-01 03:29:00,022 - Mean rank: 14472.28397275009
2022-12-01 03:29:00,022 - Mean reciprocal rank: 0.03189015300852755
2022-12-01 03:32:58,327 - Tail:
2022-12-01 03:32:58,331 - Hits @10: 0.12740528265806142
2022-12-01 03:32:58,331 - Hits @5: 0.06955898171387594
2022-12-01 03:32:58,331 - Hits @1: 0.007410063344089877
2022-12-01 03:32:58,331 - Mean rank: 11106.013863989483
2022-12-01 03:32:58,331 - Mean reciprocal rank: 0.04942998476171984
2022-12-01 03:32:58,751 - Avg:
2022-12-01 03:32:58,751 - Hits @10: 0.10529460977650293
2022-12-01 03:32:58,751 - Hits @5: 0.05432054499820724
2022-12-01 03:32:58,751 - Hits @1: 0.006812477590534242
2022-12-01 03:32:58,751 - Mean rank: 12789.148918369787
2022-12-01 03:32:58,751 - Mean reciprocal rank: 0.0406600688851237
2022-12-01 03:50:42,681 - Dev Epoch 0, Acc: 0.5481654117365842, Prec: 0.5772326561901111, Recall: 0.35998565794191467, F1: 0.4434302539565697
2022-12-01 03:51:02,717 - Test Epoch 0, Acc: 0.5472690331062507, Prec: 0.574412041392286, Recall: 0.36488586112107085, F1: 0.44627978365736004
2022-12-01 03:54:08,059 - Head:
2022-12-01 03:54:08,061 - Hits @10: 0.13684713756424047
2022-12-01 03:54:08,062 - Hits @5: 0.06513684713756424
2022-12-01 03:54:08,062 - Hits @1: 0.011234612166845943
2022-12-01 03:54:08,062 - Mean rank: 14471.046492171627
2022-12-01 03:54:08,062 - Mean reciprocal rank: 0.04543837351186552
2022-12-01 03:58:12,552 - Tail:
2022-12-01 03:58:12,555 - Hits @10: 0.26066690570096807
2022-12-01 03:58:12,555 - Hits @5: 0.19780088442691526
2022-12-01 03:58:12,555 - Hits @1: 0.1626628421178439
2022-12-01 03:58:12,555 - Mean rank: 11102.01529819529
2022-12-01 03:58:12,555 - Mean reciprocal rank: 0.19284505181994735
2022-12-01 03:58:12,963 - Avg:
2022-12-01 03:58:12,963 - Hits @10: 0.19875702163260428
2022-12-01 03:58:12,963 - Hits @5: 0.13146886578223976
2022-12-01 03:58:12,963 - Hits @1: 0.08694872714234492
2022-12-01 03:58:12,963 - Mean rank: 12786.53089518346
2022-12-01 03:58:12,963 - Mean reciprocal rank: 0.11914171266590644
2022-12-01 04:16:07,014 - Dev Epoch 0, Acc: 0.5852157284570336, Prec: 0.6127807655805125, Recall: 0.46300944185490617, F1: 0.5274695350262101
2022-12-01 04:16:26,972 - Test Epoch 0, Acc: 0.5883829329508784, Prec: 0.6179613973520498, Recall: 0.46300944185490617, F1: 0.529379611915824
2022-12-01 04:19:11,854 - Head:
2022-12-01 04:19:11,856 - Hits @10: 0.18023186327237958
2022-12-01 04:19:11,856 - Hits @5: 0.13899844627704075
2022-12-01 04:19:11,857 - Hits @1: 0.045536034420939404
2022-12-01 04:19:11,857 - Mean rank: 14470.09394048046
2022-12-01 04:19:11,857 - Mean reciprocal rank: 0.09147774128576318
2022-12-01 04:23:23,157 - Tail:
2022-12-01 04:23:23,159 - Hits @10: 0.3301063702641329
2022-12-01 04:23:23,159 - Hits @5: 0.2554081510696785
2022-12-01 04:23:23,159 - Hits @1: 0.16063105055575475
2022-12-01 04:23:23,160 - Mean rank: 11100.91574040875
2022-12-01 04:23:23,160 - Mean reciprocal rank: 0.21197543274506128
2022-12-01 04:23:23,558 - Avg:
2022-12-01 04:23:23,559 - Hits @10: 0.25516911676825627
2022-12-01 04:23:23,559 - Hits @5: 0.19720329867335962
2022-12-01 04:23:23,559 - Hits @1: 0.10308354248834707
2022-12-01 04:23:23,559 - Mean rank: 12785.504840444604
2022-12-01 04:23:23,559 - Mean reciprocal rank: 0.15172658701541222
2022-12-01 04:41:18,098 - Dev Epoch 0, Acc: 0.6131229831480818, Prec: 0.5937778658476172, Recall: 0.7162662842117844, F1: 0.6492957746478873
2022-12-01 04:41:38,698 - Test Epoch 0, Acc: 0.6164097047926378, Prec: 0.5968383376416783, Recall: 0.7174614557188956, F1: 0.6516146540027137
2022-12-01 04:44:22,554 - Head:
2022-12-01 04:44:22,556 - Hits @10: 0.18238317198517986
2022-12-01 04:44:22,556 - Hits @5: 0.13326162304290665
2022-12-01 04:44:22,556 - Hits @1: 0.03119397633560416
2022-12-01 04:44:22,556 - Mean rank: 14470.046611688776
2022-12-01 04:44:22,556 - Mean reciprocal rank: 0.07956264557767606
2022-12-01 04:48:36,421 - Tail:
2022-12-01 04:48:36,424 - Hits @10: 0.3305844388669774
2022-12-01 04:48:36,424 - Hits @5: 0.26939165770288037
2022-12-01 04:48:36,424 - Hits @1: 0.15991394765148798
2022-12-01 04:48:36,424 - Mean rank: 11100.809370144616
2022-12-01 04:48:36,424 - Mean reciprocal rank: 0.21344152242749015
2022-12-01 04:48:36,768 - Avg:
2022-12-01 04:48:36,768 - Hits @10: 0.2564838054260786
2022-12-01 04:48:36,768 - Hits @5: 0.2013266403728935
2022-12-01 04:48:36,768 - Hits @1: 0.09555396199354607
2022-12-01 04:48:36,768 - Mean rank: 12785.427990916696
2022-12-01 04:48:36,768 - Mean reciprocal rank: 0.1465020840025831
2022-12-01 05:06:28,735 - Dev Epoch 0, Acc: 0.5652563642882754, Prec: 0.576320939334638, Recall: 0.4927692123819768, F1: 0.5312802010179756
2022-12-01 05:06:48,952 - Test Epoch 0, Acc: 0.561073264013386, Prec: 0.5704827586206896, Recall: 0.49432293534122146, F1: 0.5296791957482231
2022-12-01 05:09:35,120 - Head:
2022-12-01 05:09:35,122 - Hits @10: 0.17867814031313495
2022-12-01 05:09:35,122 - Hits @5: 0.1330225887414844
2022-12-01 05:09:35,122 - Hits @1: 0.06059519541054141
2022-12-01 05:09:35,122 - Mean rank: 14470.02199115573
2022-12-01 05:09:35,122 - Mean reciprocal rank: 0.09866811016233226
2022-12-01 05:13:30,185 - Tail:
2022-12-01 05:13:30,188 - Hits @10: 0.33656029640253377
2022-12-01 05:13:30,188 - Hits @5: 0.2655671088801243
2022-12-01 05:13:30,188 - Hits @1: 0.1630213935699773
2022-12-01 05:13:30,188 - Mean rank: 11100.86877016852
2022-12-01 05:13:30,188 - Mean reciprocal rank: 0.2134776212055129
2022-12-01 05:13:30,464 - Avg:
2022-12-01 05:13:30,464 - Hits @10: 0.25761921835783436
2022-12-01 05:13:30,464 - Hits @5: 0.19929484881080434
2022-12-01 05:13:30,464 - Hits @1: 0.11180829449025936
2022-12-01 05:13:30,464 - Mean rank: 12785.445380662124
2022-12-01 05:13:30,464 - Mean reciprocal rank: 0.1560728656839226
2022-12-01 05:31:34,017 - Dev Epoch 0, Acc: 0.5969881678020796, Prec: 0.585268466953872, Recall: 0.6657105294609776, F1: 0.6229031536569001
2022-12-01 05:31:57,189 - Test Epoch 0, Acc: 0.598302856459902, Prec: 0.5853127268955503, Recall: 0.6744352814628899, F1: 0.6267214571301644
2022-12-01 05:35:08,729 - Head:
2022-12-01 05:35:08,731 - Hits @10: 0.18441496354726902
2022-12-01 05:35:08,731 - Hits @5: 0.13935699772917415
2022-12-01 05:35:08,731 - Hits @1: 0.06633201864467551
2022-12-01 05:35:08,732 - Mean rank: 14469.956615274292
2022-12-01 05:35:08,732 - Mean reciprocal rank: 0.10362588085444892
2022-12-01 05:39:27,577 - Tail:
2022-12-01 05:39:27,579 - Hits @10: 0.3256842356878212
2022-12-01 05:39:27,579 - Hits @5: 0.2625791801123461
2022-12-01 05:39:27,579 - Hits @1: 0.15979443050077685
2022-12-01 05:39:27,580 - Mean rank: 11101.045177482969
2022-12-01 05:39:27,580 - Mean reciprocal rank: 0.21200246348728044
2022-12-01 05:39:28,098 - Avg:
2022-12-01 05:39:28,098 - Hits @10: 0.2550495996175451
2022-12-01 05:39:28,098 - Hits @5: 0.20096808892076012
2022-12-01 05:39:28,098 - Hits @1: 0.11306322457272619
2022-12-01 05:39:28,098 - Mean rank: 12785.500896378631
2022-12-01 05:39:28,098 - Mean reciprocal rank: 0.15781417217086469
2022-12-01 05:57:04,767 - Dev Epoch 0, Acc: 0.5852754870323892, Prec: 0.6603731175545067, Recall: 0.35114138878929124, F1: 0.4584893882646691
2022-12-01 05:57:28,042 - Test Epoch 0, Acc: 0.5906537588143899, Prec: 0.6670336930191588, Recall: 0.36201744950400383, F1: 0.46932135110009304
2022-12-01 06:00:42,583 - Head:
2022-12-01 06:00:42,586 - Hits @10: 0.18166606908091312
2022-12-01 06:00:42,586 - Hits @5: 0.13278355444006215
2022-12-01 06:00:42,586 - Hits @1: 0.06370264132903071
2022-12-01 06:00:42,586 - Mean rank: 14469.936058324369
2022-12-01 06:00:42,586 - Mean reciprocal rank: 0.10077878328905647
2022-12-01 06:05:05,361 - Tail:
2022-12-01 06:05:05,364 - Hits @10: 0.3317796103740887
2022-12-01 06:05:05,364 - Hits @5: 0.2696306920043026
2022-12-01 06:05:05,364 - Hits @1: 0.18011234612166846
2022-12-01 06:05:05,364 - Mean rank: 11100.827656268675
2022-12-01 06:05:05,364 - Mean reciprocal rank: 0.22757989015147587
2022-12-01 06:05:05,816 - Avg:
2022-12-01 06:05:05,817 - Hits @10: 0.25672283972750093
2022-12-01 06:05:05,817 - Hits @5: 0.20120712322218237
2022-12-01 06:05:05,817 - Hits @1: 0.12190749372534959
2022-12-01 06:05:05,817 - Mean rank: 12785.381857296521
2022-12-01 06:05:05,817 - Mean reciprocal rank: 0.16417933672026616
2022-12-01 06:22:42,495 - Dev Epoch 0, Acc: 0.5939404804589459, Prec: 0.5914591575517804, Recall: 0.6075056770646587, F1: 0.5993750368492423
2022-12-01 06:23:06,269 - Test Epoch 0, Acc: 0.5998565794191466, Prec: 0.597776477472206, Recall: 0.610493605832437, F1: 0.6040681173131505
2022-12-01 06:26:20,433 - Head:
2022-12-01 06:26:20,436 - Hits @10: 0.18178558623162425
2022-12-01 06:26:20,436 - Hits @5: 0.12979562567228398
2022-12-01 06:26:20,436 - Hits @1: 0.06441974423329748
2022-12-01 06:26:20,436 - Mean rank: 14469.856937970599
2022-12-01 06:26:20,436 - Mean reciprocal rank: 0.10048297809752196
2022-12-01 06:30:45,737 - Tail:
2022-12-01 06:30:45,739 - Hits @10: 0.3402653280745787
2022-12-01 06:30:45,740 - Hits @5: 0.26879407194932475
2022-12-01 06:30:45,740 - Hits @1: 0.1705509740647783
2022-12-01 06:30:45,740 - Mean rank: 11100.727978964982
2022-12-01 06:30:45,740 - Mean reciprocal rank: 0.2180452155367463
2022-12-01 06:30:46,251 - Avg:
2022-12-01 06:30:46,251 - Hits @10: 0.2610254571531015
2022-12-01 06:30:46,251 - Hits @5: 0.19929484881080436
2022-12-01 06:30:46,252 - Hits @1: 0.11748535914903788
2022-12-01 06:30:46,252 - Mean rank: 12785.29245846779
2022-12-01 06:30:46,252 - Mean reciprocal rank: 0.15926409681713413
2022-12-01 06:48:06,150 - Dev Epoch 0, Acc: 0.6122266045177484, Prec: 0.6232930672268907, Recall: 0.5673479144257201, F1: 0.5940061315147344
2022-12-01 06:48:29,434 - Test Epoch 0, Acc: 0.6155133261623043, Prec: 0.6280980781974818, Recall: 0.5663917772200311, F1: 0.5956510809451986
2022-12-01 06:51:40,547 - Head:
2022-12-01 06:51:40,550 - Hits @10: 0.1772439345046014
2022-12-01 06:51:40,550 - Hits @5: 0.12214652802677184
2022-12-01 06:51:40,550 - Hits @1: 0.05736823234134098
2022-12-01 06:51:40,550 - Mean rank: 14469.901039799212
2022-12-01 06:51:40,550 - Mean reciprocal rank: 0.09394405272902404
2022-12-01 06:56:11,713 - Tail:
2022-12-01 06:56:11,717 - Hits @10: 0.3395482251703119
2022-12-01 06:56:11,717 - Hits @5: 0.26126449145452374
2022-12-01 06:56:11,717 - Hits @1: 0.1669654595434445
2022-12-01 06:56:11,717 - Mean rank: 11100.697263057249
2022-12-01 06:56:11,717 - Mean reciprocal rank: 0.21353877724370302
2022-12-01 06:56:12,219 - Avg:
2022-12-01 06:56:12,219 - Hits @10: 0.25839607983745666
2022-12-01 06:56:12,220 - Hits @5: 0.1917055097406478
2022-12-01 06:56:12,220 - Hits @1: 0.11216684594239273
2022-12-01 06:56:12,220 - Mean rank: 12785.29915142823
2022-12-01 06:56:12,220 - Mean reciprocal rank: 0.1537414149863635
2022-12-01 07:13:35,615 - Dev Epoch 0, Acc: 0.6319469343850843, Prec: 0.6192997622649665, Recall: 0.6849527907254691, F1: 0.6504738664093979
2022-12-01 07:13:59,301 - Test Epoch 0, Acc: 0.6306920043026174, Prec: 0.6186652197504069, Recall: 0.6813672762041353, F1: 0.6485041519736093
2022-12-01 07:17:08,216 - Head:
2022-12-01 07:17:08,219 - Hits @10: 0.1723437313254452
2022-12-01 07:17:08,219 - Hits @5: 0.1264491454523724
2022-12-01 07:17:08,219 - Hits @1: 0.05545595792996295
2022-12-01 07:17:08,219 - Mean rank: 14470.09919923509
2022-12-01 07:17:08,219 - Mean reciprocal rank: 0.09289443962780781
2022-12-01 07:21:06,277 - Tail:
2022-12-01 07:21:06,279 - Hits @10: 0.3402653280745787
2022-12-01 07:21:06,279 - Hits @5: 0.2632962830166129
2022-12-01 07:21:06,279 - Hits @1: 0.15489422732162064
2022-12-01 07:21:06,279 - Mean rank: 11100.67742321023
2022-12-01 07:21:06,279 - Mean reciprocal rank: 0.2095063494439104
2022-12-01 07:21:06,760 - Avg:
2022-12-01 07:21:06,760 - Hits @10: 0.25630452970001194
2022-12-01 07:21:06,760 - Hits @5: 0.19487271423449265
2022-12-01 07:21:06,760 - Hits @1: 0.10517509262579179
2022-12-01 07:21:06,760 - Mean rank: 12785.388311222661
2022-12-01 07:21:06,760 - Mean reciprocal rank: 0.1512003945358591
2022-12-01 07:38:26,342 - Dev Epoch 0, Acc: 0.6126449145452373, Prec: 0.6104794279685851, Recall: 0.6224453209035496, F1: 0.6164043082021541
2022-12-01 07:38:50,361 - Test Epoch 0, Acc: 0.6161109119158599, Prec: 0.6137987583460232, Recall: 0.6262698697263057, F1: 0.6199716043539991
2022-12-01 07:42:03,860 - Head:
2022-12-01 07:42:03,862 - Hits @10: 0.1772439345046014
2022-12-01 07:42:03,862 - Hits @5: 0.12800286841161707
2022-12-01 07:42:03,862 - Hits @1: 0.05712919803991873
2022-12-01 07:42:03,862 - Mean rank: 14469.95458348273
2022-12-01 07:42:03,862 - Mean reciprocal rank: 0.09444371766005911
2022-12-01 07:46:20,434 - Tail:
2022-12-01 07:46:20,437 - Hits @10: 0.3448069798016015
2022-12-01 07:46:20,437 - Hits @5: 0.26365483446874627
2022-12-01 07:46:20,437 - Hits @1: 0.17509262579180113
2022-12-01 07:46:20,437 - Mean rank: 11100.587546312896
2022-12-01 07:46:20,437 - Mean reciprocal rank: 0.22118052607336108
2022-12-01 07:46:20,873 - Avg:
2022-12-01 07:46:20,873 - Hits @10: 0.26102545715310144
2022-12-01 07:46:20,873 - Hits @5: 0.19582885144018167
2022-12-01 07:46:20,873 - Hits @1: 0.11611091191585993
2022-12-01 07:46:20,873 - Mean rank: 12785.271064897814
2022-12-01 07:46:20,873 - Mean reciprocal rank: 0.1578121218667101
2022-12-01 08:04:01,535 - Dev Epoch 0, Acc: 0.6209513565196606, Prec: 0.620850250776212, Recall: 0.6213696665471495, F1: 0.6211098500686936
2022-12-01 08:04:24,856 - Test Epoch 0, Acc: 0.6248356639177722, Prec: 0.6258888754971677, Recall: 0.6206525636428828, F1: 0.6232597215554488
2022-12-01 08:07:38,727 - Head:
2022-12-01 08:07:38,729 - Hits @10: 0.17999282897095734
2022-12-01 08:07:38,729 - Hits @5: 0.12776383411019482
2022-12-01 08:07:38,730 - Hits @1: 0.05796581809489662
2022-12-01 08:07:38,730 - Mean rank: 14469.940719493246
2022-12-01 08:07:38,730 - Mean reciprocal rank: 0.0950551227373517
2022-12-01 08:12:03,061 - Tail:
2022-12-01 08:12:03,064 - Hits @10: 0.34719732281582405
2022-12-01 08:12:03,064 - Hits @5: 0.2751284809370145
2022-12-01 08:12:03,064 - Hits @1: 0.18262220628660214
2022-12-01 08:12:03,064 - Mean rank: 11100.552766822038
2022-12-01 08:12:03,064 - Mean reciprocal rank: 0.22822865317239918
2022-12-01 08:12:03,500 - Avg:
2022-12-01 08:12:03,501 - Hits @10: 0.2635950758933907
2022-12-01 08:12:03,501 - Hits @5: 0.20144615752360465
2022-12-01 08:12:03,501 - Hits @1: 0.12029401219074938
2022-12-01 08:12:03,501 - Mean rank: 12785.246743157642
2022-12-01 08:12:03,501 - Mean reciprocal rank: 0.16164188795487544
2022-12-01 08:29:21,690 - Dev Epoch 0, Acc: 0.6470060953746862, Prec: 0.6057609630266552, Recall: 0.8419983267598901, F1: 0.704605690853628
2022-12-01 08:29:45,289 - Test Epoch 0, Acc: 0.648141508306442, Prec: 0.6058587411392946, Recall: 0.8478546671447352, F1: 0.7067144849571629
2022-12-01 08:32:58,382 - Head:
2022-12-01 08:32:58,385 - Hits @10: 0.16816063105055576
2022-12-01 08:32:58,385 - Hits @5: 0.12059280506752719
2022-12-01 08:32:58,385 - Hits @1: 0.05198996055934026
2022-12-01 08:32:58,385 - Mean rank: 14470.130154177124
2022-12-01 08:32:58,385 - Mean reciprocal rank: 0.08912707984302347
2022-12-01 08:37:29,903 - Tail:
2022-12-01 08:37:29,906 - Hits @10: 0.3397872594717342
2022-12-01 08:37:29,906 - Hits @5: 0.2677184175929246
2022-12-01 08:37:29,906 - Hits @1: 0.1718656627226007
2022-12-01 08:37:29,906 - Mean rank: 11100.67909645034
2022-12-01 08:37:29,906 - Mean reciprocal rank: 0.2178570735588941
2022-12-01 08:37:30,324 - Avg:
2022-12-01 08:37:30,325 - Hits @10: 0.253973945261145
2022-12-01 08:37:30,325 - Hits @5: 0.19415561133022588
2022-12-01 08:37:30,325 - Hits @1: 0.11192781164097049
2022-12-01 08:37:30,325 - Mean rank: 12785.404625313731
2022-12-01 08:37:30,325 - Mean reciprocal rank: 0.1534920767009588
2022-12-01 08:54:59,990 - Dev Epoch 0, Acc: 0.605832436954703, Prec: 0.6315945905780949, Recall: 0.50794789052229, F1: 0.5630630630630631
2022-12-01 08:55:23,449 - Test Epoch 0, Acc: 0.6121668459423927, Prec: 0.6403049783226192, Recall: 0.5118919564957571, F1: 0.56894261424017
2022-12-01 08:58:32,969 - Head:
2022-12-01 08:58:32,972 - Hits @10: 0.18023186327237958
2022-12-01 08:58:32,972 - Hits @5: 0.12979562567228398
2022-12-01 08:58:32,972 - Hits @1: 0.057607266642763236
2022-12-01 08:58:32,972 - Mean rank: 14469.931875224094
2022-12-01 08:58:32,972 - Mean reciprocal rank: 0.09572800579293725
2022-12-01 09:02:44,576 - Tail:
2022-12-01 09:02:44,578 - Hits @10: 0.34803394287080197
2022-12-01 09:02:44,578 - Hits @5: 0.2769212381976814
2022-12-01 09:02:44,578 - Hits @1: 0.17079000836620056
2022-12-01 09:02:44,578 - Mean rank: 11100.49599617545
2022-12-01 09:02:44,578 - Mean reciprocal rank: 0.22036583517618852
2022-12-01 09:02:45,047 - Avg:
2022-12-01 09:02:45,047 - Hits @10: 0.26413290307159076
2022-12-01 09:02:45,047 - Hits @5: 0.20335843193498268
2022-12-01 09:02:45,047 - Hits @1: 0.11419863750448189
2022-12-01 09:02:45,047 - Mean rank: 12785.213935699772
2022-12-01 09:02:45,048 - Mean reciprocal rank: 0.15804692048456287
